Analysis & Elaboration report for PCO_comolex
Mon Dec 05 22:28:42 2022
Quartus II 64-Bit Version 14.0.0 Build 200 06/17/2014 SJ Full Version


---------------------
; Table of Contents ;
---------------------
  1. Legal Notice
  2. Analysis & Elaboration Summary
  3. Parallel Compilation
  4. Analysis & Elaboration Settings
  5. Port Connectivity Checks: "cpu:mcpu|alu:malu"
  6. Port Connectivity Checks: "cpu:mcpu|x:mx"
  7. Port Connectivity Checks: "cpu:mcpu|r1:mr1"
  8. Port Connectivity Checks: "cpu:mcpu|dr:mdr"
  9. Port Connectivity Checks: "cpu:mcpu|qtsj:qtdl"
 10. Port Connectivity Checks: "cpu:mcpu"
 11. Port Connectivity Checks: "clk_div:light"
 12. Port Connectivity Checks: "clk_div:mem"
 13. Port Connectivity Checks: "clk_div:delay"
 14. Port Connectivity Checks: "clk_div:slow"
 15. Port Connectivity Checks: "clk_div:quick"
 16. Analysis & Elaboration Messages
 17. Analysis & Elaboration Suppressed Messages



----------------
; Legal Notice ;
----------------
Copyright (C) 1991-2014 Altera Corporation. All rights reserved.
Your use of Altera Corporation's design tools, logic functions 
and other software and tools, and its AMPP partner logic 
functions, and any output files from any of the foregoing 
(including device programming or simulation files), and any 
associated documentation or information are expressly subject 
to the terms and conditions of the Altera Program License 
Subscription Agreement, the Altera Quartus II License Agreement,
the Altera MegaCore Function License Agreement, or other 
applicable license agreement, including, without limitation, 
that your use is for the sole purpose of programming logic 
devices manufactured by Altera and sold by Altera or its 
authorized distributors.  Please refer to the applicable 
agreement for further details.



+----------------------------------------------------------------------------------+
; Analysis & Elaboration Summary                                                   ;
+------------------------------------+---------------------------------------------+
; Analysis & Elaboration Status      ; Successful - Mon Dec 05 22:28:42 2022       ;
; Quartus II 64-Bit Version          ; 14.0.0 Build 200 06/17/2014 SJ Full Version ;
; Revision Name                      ; PCO_comolex                                 ;
; Top-level Entity Name              ; top                                         ;
; Family                             ; Cyclone IV E                                ;
; Total logic elements               ; N/A until Partition Merge                   ;
;     Total combinational functions  ; N/A until Partition Merge                   ;
;     Dedicated logic registers      ; N/A until Partition Merge                   ;
; Total registers                    ; N/A until Partition Merge                   ;
; Total pins                         ; N/A until Partition Merge                   ;
; Total virtual pins                 ; N/A until Partition Merge                   ;
; Total memory bits                  ; N/A until Partition Merge                   ;
; Embedded Multiplier 9-bit elements ; N/A until Partition Merge                   ;
; Total PLLs                         ; N/A until Partition Merge                   ;
+------------------------------------+---------------------------------------------+


+------------------------------------------+
; Parallel Compilation                     ;
+----------------------------+-------------+
; Processors                 ; Number      ;
+----------------------------+-------------+
; Number detected on machine ; 12          ;
; Maximum allowed            ; 6           ;
;                            ;             ;
; Average used               ; 1.00        ;
; Maximum used               ; 1           ;
;                            ;             ;
; Usage by Processor         ; % Time Used ;
;     Processor 1            ; 100.0%      ;
;     Processors 2-12        ;   0.0%      ;
+----------------------------+-------------+


+----------------------------------------------------------------------------------------------------------------------+
; Analysis & Elaboration Settings                                                                                      ;
+----------------------------------------------------------------------------+--------------------+--------------------+
; Option                                                                     ; Setting            ; Default Value      ;
+----------------------------------------------------------------------------+--------------------+--------------------+
; Device                                                                     ; EP4CE40F23C8       ;                    ;
; Top-level entity name                                                      ; top                ; PCO_comolex        ;
; Family name                                                                ; Cyclone IV E       ; Cyclone IV GX      ;
; Use smart compilation                                                      ; Off                ; Off                ;
; Enable parallel Assembler and TimeQuest Timing Analyzer during compilation ; On                 ; On                 ;
; Enable compact report table                                                ; Off                ; Off                ;
; Restructure Multiplexers                                                   ; Auto               ; Auto               ;
; Create Debugging Nodes for IP Cores                                        ; Off                ; Off                ;
; Preserve fewer node names                                                  ; On                 ; On                 ;
; Disable OpenCore Plus hardware evaluation                                  ; Off                ; Off                ;
; Verilog Version                                                            ; Verilog_2001       ; Verilog_2001       ;
; VHDL Version                                                               ; VHDL_1993          ; VHDL_1993          ;
; State Machine Processing                                                   ; Auto               ; Auto               ;
; Safe State Machine                                                         ; Off                ; Off                ;
; Extract Verilog State Machines                                             ; On                 ; On                 ;
; Extract VHDL State Machines                                                ; On                 ; On                 ;
; Ignore Verilog initial constructs                                          ; Off                ; Off                ;
; Iteration limit for constant Verilog loops                                 ; 5000               ; 5000               ;
; Iteration limit for non-constant Verilog loops                             ; 250                ; 250                ;
; Add Pass-Through Logic to Inferred RAMs                                    ; On                 ; On                 ;
; Infer RAMs from Raw Logic                                                  ; On                 ; On                 ;
; Parallel Synthesis                                                         ; On                 ; On                 ;
; DSP Block Balancing                                                        ; Auto               ; Auto               ;
; NOT Gate Push-Back                                                         ; On                 ; On                 ;
; Power-Up Don't Care                                                        ; On                 ; On                 ;
; Remove Redundant Logic Cells                                               ; Off                ; Off                ;
; Remove Duplicate Registers                                                 ; On                 ; On                 ;
; Ignore CARRY Buffers                                                       ; Off                ; Off                ;
; Ignore CASCADE Buffers                                                     ; Off                ; Off                ;
; Ignore GLOBAL Buffers                                                      ; Off                ; Off                ;
; Ignore ROW GLOBAL Buffers                                                  ; Off                ; Off                ;
; Ignore LCELL Buffers                                                       ; Off                ; Off                ;
; Ignore SOFT Buffers                                                        ; On                 ; On                 ;
; Limit AHDL Integers to 32 Bits                                             ; Off                ; Off                ;
; Optimization Technique                                                     ; Balanced           ; Balanced           ;
; Carry Chain Length                                                         ; 70                 ; 70                 ;
; Auto Carry Chains                                                          ; On                 ; On                 ;
; Auto Open-Drain Pins                                                       ; On                 ; On                 ;
; Perform WYSIWYG Primitive Resynthesis                                      ; Off                ; Off                ;
; Auto ROM Replacement                                                       ; On                 ; On                 ;
; Auto RAM Replacement                                                       ; On                 ; On                 ;
; Auto DSP Block Replacement                                                 ; On                 ; On                 ;
; Auto Shift Register Replacement                                            ; Auto               ; Auto               ;
; Allow Shift Register Merging across Hierarchies                            ; Auto               ; Auto               ;
; Auto Clock Enable Replacement                                              ; On                 ; On                 ;
; Strict RAM Replacement                                                     ; Off                ; Off                ;
; Allow Synchronous Control Signals                                          ; On                 ; On                 ;
; Force Use of Synchronous Clear Signals                                     ; Off                ; Off                ;
; Auto RAM Block Balancing                                                   ; On                 ; On                 ;
; Auto RAM to Logic Cell Conversion                                          ; Off                ; Off                ;
; Auto Resource Sharing                                                      ; Off                ; Off                ;
; Allow Any RAM Size For Recognition                                         ; Off                ; Off                ;
; Allow Any ROM Size For Recognition                                         ; Off                ; Off                ;
; Allow Any Shift Register Size For Recognition                              ; Off                ; Off                ;
; Use LogicLock Constraints during Resource Balancing                        ; On                 ; On                 ;
; Ignore translate_off and synthesis_off directives                          ; Off                ; Off                ;
; Timing-Driven Synthesis                                                    ; On                 ; On                 ;
; Report Parameter Settings                                                  ; On                 ; On                 ;
; Report Source Assignments                                                  ; On                 ; On                 ;
; Report Connectivity Checks                                                 ; On                 ; On                 ;
; Ignore Maximum Fan-Out Assignments                                         ; Off                ; Off                ;
; Synchronization Register Chain Length                                      ; 2                  ; 2                  ;
; PowerPlay Power Optimization                                               ; Normal compilation ; Normal compilation ;
; HDL message level                                                          ; Level2             ; Level2             ;
; Suppress Register Optimization Related Messages                            ; Off                ; Off                ;
; Number of Removed Registers Reported in Synthesis Report                   ; 5000               ; 5000               ;
; Number of Swept Nodes Reported in Synthesis Report                         ; 5000               ; 5000               ;
; Number of Inverted Registers Reported in Synthesis Report                  ; 100                ; 100                ;
; Clock MUX Protection                                                       ; On                 ; On                 ;
; Auto Gated Clock Conversion                                                ; Off                ; Off                ;
; Block Design Naming                                                        ; Auto               ; Auto               ;
; SDC constraint protection                                                  ; Off                ; Off                ;
; Synthesis Effort                                                           ; Auto               ; Auto               ;
; Shift Register Replacement - Allow Asynchronous Clear Signal               ; On                 ; On                 ;
; Pre-Mapping Resynthesis Optimization                                       ; Off                ; Off                ;
; Analysis & Synthesis Message Level                                         ; Medium             ; Medium             ;
; Disable Register Merging Across Hierarchies                                ; Auto               ; Auto               ;
; Resource Aware Inference For Block RAM                                     ; On                 ; On                 ;
; Synthesis Seed                                                             ; 1                  ; 1                  ;
+----------------------------------------------------------------------------+--------------------+--------------------+


+-------------------------------------------------------------------------------------------------------------------------------------------------------------------------------------------------------------+
; Port Connectivity Checks: "cpu:mcpu|alu:malu"                                                                                                                                                               ;
+------+-------+----------+-----------------------------------------------------------------------------------------------------------------------------------------------------------------------------------+
; Port ; Type  ; Severity ; Details                                                                                                                                                                           ;
+------+-------+----------+-----------------------------------------------------------------------------------------------------------------------------------------------------------------------------------+
; bus  ; Input ; Warning  ; Input port expression (16 bits) is wider than the input port (8 bits) it drives.  The 8 most-significant bit(s) in the expression will be dangling if they have no other fanouts. ;
+------+-------+----------+-----------------------------------------------------------------------------------------------------------------------------------------------------------------------------------+


+-------------------------------------------------------------------------------------------------------------------------------------------------------------------------------------------------------------+
; Port Connectivity Checks: "cpu:mcpu|x:mx"                                                                                                                                                                   ;
+------+-------+----------+-----------------------------------------------------------------------------------------------------------------------------------------------------------------------------------+
; Port ; Type  ; Severity ; Details                                                                                                                                                                           ;
+------+-------+----------+-----------------------------------------------------------------------------------------------------------------------------------------------------------------------------------+
; din  ; Input ; Warning  ; Input port expression (16 bits) is wider than the input port (8 bits) it drives.  The 8 most-significant bit(s) in the expression will be dangling if they have no other fanouts. ;
+------+-------+----------+-----------------------------------------------------------------------------------------------------------------------------------------------------------------------------------+


+-------------------------------------------------------------------------------------------------------------------------------------------------------------------------------------------------------------+
; Port Connectivity Checks: "cpu:mcpu|r1:mr1"                                                                                                                                                                 ;
+------+-------+----------+-----------------------------------------------------------------------------------------------------------------------------------------------------------------------------------+
; Port ; Type  ; Severity ; Details                                                                                                                                                                           ;
+------+-------+----------+-----------------------------------------------------------------------------------------------------------------------------------------------------------------------------------+
; din  ; Input ; Warning  ; Input port expression (16 bits) is wider than the input port (8 bits) it drives.  The 8 most-significant bit(s) in the expression will be dangling if they have no other fanouts. ;
+------+-------+----------+-----------------------------------------------------------------------------------------------------------------------------------------------------------------------------------+


+-------------------------------------------------------------------------------------------------------------------------------------------------------------------------------------------------------------+
; Port Connectivity Checks: "cpu:mcpu|dr:mdr"                                                                                                                                                                 ;
+------+-------+----------+-----------------------------------------------------------------------------------------------------------------------------------------------------------------------------------+
; Port ; Type  ; Severity ; Details                                                                                                                                                                           ;
+------+-------+----------+-----------------------------------------------------------------------------------------------------------------------------------------------------------------------------------+
; din  ; Input ; Warning  ; Input port expression (16 bits) is wider than the input port (8 bits) it drives.  The 8 most-significant bit(s) in the expression will be dangling if they have no other fanouts. ;
+------+-------+----------+-----------------------------------------------------------------------------------------------------------------------------------------------------------------------------------+


+-------------------------------------------------------------------------------------------------------------------+
; Port Connectivity Checks: "cpu:mcpu|qtsj:qtdl"                                                                    ;
+---------+--------+----------+-------------------------------------------------------------------------------------+
; Port    ; Type   ; Severity ; Details                                                                             ;
+---------+--------+----------+-------------------------------------------------------------------------------------+
; clk_run ; Output ; Info     ; Connected to dangling logic. Logic that only feeds a dangling port will be removed. ;
+---------+--------+----------+-------------------------------------------------------------------------------------+


+--------------------------------------------------------------------------------------------------------------------------------------+
; Port Connectivity Checks: "cpu:mcpu"                                                                                                 ;
+-------+--------+----------+----------------------------------------------------------------------------------------------------------+
; Port  ; Type   ; Severity ; Details                                                                                                  ;
+-------+--------+----------+----------------------------------------------------------------------------------------------------------+
; xload ; Output ; Warning  ; Declared by entity but not connected by instance. Logic that only feeds a dangling port will be removed. ;
+-------+--------+----------+----------------------------------------------------------------------------------------------------------+


+-------------------------------------------------+
; Port Connectivity Checks: "clk_div:light"       ;
+---------------+-------+----------+--------------+
; Port          ; Type  ; Severity ; Details      ;
+---------------+-------+----------+--------------+
; symbol[1..0]  ; Input ; Info     ; Stuck at VCC ;
; symbol[31..2] ; Input ; Info     ; Stuck at GND ;
+---------------+-------+----------+--------------+


+-------------------------------------------------+
; Port Connectivity Checks: "clk_div:mem"         ;
+---------------+-------+----------+--------------+
; Port          ; Type  ; Severity ; Details      ;
+---------------+-------+----------+--------------+
; symbol[1..0]  ; Input ; Info     ; Stuck at VCC ;
; symbol[31..2] ; Input ; Info     ; Stuck at GND ;
+---------------+-------+----------+--------------+


+-------------------------------------------------+
; Port Connectivity Checks: "clk_div:delay"       ;
+---------------+-------+----------+--------------+
; Port          ; Type  ; Severity ; Details      ;
+---------------+-------+----------+--------------+
; symbol[31..1] ; Input ; Info     ; Stuck at GND ;
; symbol[0]     ; Input ; Info     ; Stuck at VCC ;
+---------------+-------+----------+--------------+


+-------------------------------------------------+
; Port Connectivity Checks: "clk_div:slow"        ;
+---------------+-------+----------+--------------+
; Port          ; Type  ; Severity ; Details      ;
+---------------+-------+----------+--------------+
; symbol[2..1]  ; Input ; Info     ; Stuck at VCC ;
; symbol[31..3] ; Input ; Info     ; Stuck at GND ;
; symbol[0]     ; Input ; Info     ; Stuck at GND ;
+---------------+-------+----------+--------------+


+-------------------------------------------------+
; Port Connectivity Checks: "clk_div:quick"       ;
+---------------+-------+----------+--------------+
; Port          ; Type  ; Severity ; Details      ;
+---------------+-------+----------+--------------+
; symbol[1..0]  ; Input ; Info     ; Stuck at VCC ;
; symbol[31..2] ; Input ; Info     ; Stuck at GND ;
+---------------+-------+----------+--------------+


+---------------------------------+
; Analysis & Elaboration Messages ;
+---------------------------------+
Info: *******************************************************************
Info: Running Quartus II 64-Bit Analysis & Elaboration
    Info: Version 14.0.0 Build 200 06/17/2014 SJ Full Version
    Info: Processing started: Mon Dec 05 22:28:41 2022
Info: Command: quartus_map --read_settings_files=on --write_settings_files=off PCO_comolex -c PCO_comolex --analysis_and_elaboration
Info (11104): Parallel Compilation has detected 12 hyper-threaded processors. However, the extra hyper-threaded processors will not be used by default. Parallel Compilation will use 6 of the 6 physical processors detected instead.
Info (12021): Found 1 design units, including 1 entities, in source file rtl/r0.v
    Info (12023): Found entity 1: r0
Info (12021): Found 1 design units, including 1 entities, in source file rtl/r1.v
    Info (12023): Found entity 1: r1
Info (12021): Found 1 design units, including 1 entities, in source file rtl/ram.v
    Info (12023): Found entity 1: ram
Info (12021): Found 1 design units, including 1 entities, in source file rtl/z.v
    Info (12023): Found entity 1: z
Info (12021): Found 1 design units, including 1 entities, in source file rtl/tr.v
    Info (12023): Found entity 1: tr
Info (12021): Found 1 design units, including 1 entities, in source file rtl/top.v
    Info (12023): Found entity 1: top
Info (12021): Found 1 design units, including 1 entities, in source file rtl/pc.v
    Info (12023): Found entity 1: pc
Info (12021): Found 1 design units, including 1 entities, in source file rtl/ir.v
    Info (12023): Found entity 1: ir
Info (12021): Found 1 design units, including 1 entities, in source file rtl/dr.v
    Info (12023): Found entity 1: dr
Info (12021): Found 1 design units, including 1 entities, in source file rtl/cpu.v
    Info (12023): Found entity 1: cpu
Info (12021): Found 1 design units, including 1 entities, in source file rtl/control.v
    Info (12023): Found entity 1: control
Info (12021): Found 1 design units, including 1 entities, in source file rtl/ar.v
    Info (12023): Found entity 1: ar
Info (12021): Found 1 design units, including 1 entities, in source file rtl/alu.v
    Info (12023): Found entity 1: alu
Info (12021): Found 1 design units, including 1 entities, in source file rtl/light_show.v
    Info (12023): Found entity 1: light_show
Info (12021): Found 1 design units, including 1 entities, in source file rtl/clk_div.v
    Info (12023): Found entity 1: clk_div
Info (12021): Found 1 design units, including 1 entities, in source file rtl/cpu_controller.v
    Info (12023): Found entity 1: CPU_Controller
Info (12021): Found 1 design units, including 1 entities, in source file rtl/qtsj.v
    Info (12023): Found entity 1: qtsj
Info (12021): Found 1 design units, including 1 entities, in source file rtl/x.v
    Info (12023): Found entity 1: x
Info (12127): Elaborating entity "top" for the top level hierarchy
Warning (10034): Output port "read_led" at top.v(24) has no driver
Warning (10034): Output port "write_led" at top.v(24) has no driver
Info (12128): Elaborating entity "clk_div" for hierarchy "clk_div:quick"
Info (12128): Elaborating entity "CPU_Controller" for hierarchy "CPU_Controller:controller"
Info (12128): Elaborating entity "cpu" for hierarchy "cpu:mcpu"
Info (12128): Elaborating entity "qtsj" for hierarchy "cpu:mcpu|qtsj:qtdl"
Info (12128): Elaborating entity "ar" for hierarchy "cpu:mcpu|ar:mar"
Warning (10230): Verilog HDL assignment warning at ar.v(13): truncated value with size 32 to match size of target (16)
Info (12128): Elaborating entity "pc" for hierarchy "cpu:mcpu|pc:mpc"
Warning (10230): Verilog HDL assignment warning at pc.v(14): truncated value with size 32 to match size of target (16)
Info (12128): Elaborating entity "dr" for hierarchy "cpu:mcpu|dr:mdr"
Info (12128): Elaborating entity "tr" for hierarchy "cpu:mcpu|tr:mtr"
Info (12128): Elaborating entity "ir" for hierarchy "cpu:mcpu|ir:mir"
Info (12128): Elaborating entity "r0" for hierarchy "cpu:mcpu|r0:mr0"
Info (12128): Elaborating entity "r1" for hierarchy "cpu:mcpu|r1:mr1"
Info (12128): Elaborating entity "x" for hierarchy "cpu:mcpu|x:mx"
Info (12128): Elaborating entity "alu" for hierarchy "cpu:mcpu|alu:malu"
Info (12128): Elaborating entity "z" for hierarchy "cpu:mcpu|z:mz"
Info (12128): Elaborating entity "control" for hierarchy "cpu:mcpu|control:mcontrol"
Info (12128): Elaborating entity "ram" for hierarchy "ram:mm"
Warning (10235): Verilog HDL Always Construct warning at ram.v(47): variable "addr2" is read inside the Always Construct but isn't in the Always Construct's Event Control
Warning (10240): Verilog HDL Always Construct warning at ram.v(49): inferring latch(es) for variable "data_rom", which holds its previous value in one or more paths through the always construct
Info (10041): Inferred latch for "data_rom[0]" at ram.v(51)
Info (10041): Inferred latch for "data_rom[1]" at ram.v(51)
Info (10041): Inferred latch for "data_rom[2]" at ram.v(51)
Info (10041): Inferred latch for "data_rom[3]" at ram.v(51)
Info (10041): Inferred latch for "data_rom[4]" at ram.v(51)
Info (10041): Inferred latch for "data_rom[5]" at ram.v(51)
Info (10041): Inferred latch for "data_rom[6]" at ram.v(51)
Info (10041): Inferred latch for "data_rom[7]" at ram.v(51)
Info (12128): Elaborating entity "light_show" for hierarchy "light_show:show"
Warning (12241): 5 hierarchies have connectivity warnings - see the Connectivity Checks report folder
Info (144001): Generated suppressed messages file D:/webcourse/PCO_complex_stu_2022/output_files/PCO_comolex.map.smsg
Info: Quartus II 64-Bit Analysis & Elaboration was successful. 0 errors, 7 warnings
    Info: Peak virtual memory: 4651 megabytes
    Info: Processing ended: Mon Dec 05 22:28:42 2022
    Info: Elapsed time: 00:00:01
    Info: Total CPU time (on all processors): 00:00:01


+--------------------------------------------+
; Analysis & Elaboration Suppressed Messages ;
+--------------------------------------------+
The suppressed messages can be found in D:/webcourse/PCO_complex_stu_2022/output_files/PCO_comolex.map.smsg.


